C51 COMPILER V8.05a   KEYPAD                                                               09/14/2013 23:35:42 PAGE 1   


C51 COMPILER V8.05a, COMPILATION OF MODULE KEYPAD
OBJECT MODULE PLACED IN keypad.obj
COMPILER INVOKED BY: D:\Keil\C51\BIN\C51.EXE board\src\keypad.c BROWSE INCDIR(.\include) DEBUG OBJECTEXTEND PRINT(.\keyp
                    -ad.lst) OBJECT(keypad.obj)

line level    source

   1          #include "global.h"
   2          
   3          //----------------------------------------------------
   4          //4 x 3 Keypad
   5          //------------------------------------------------------
   6          
   7          TagenKeyType ucmKeyPad[4][3] = {
   8                                                                           ///   P1.3   // P1.2 // P1.1 //////// 
   9                                                                          ///     ||   //  ||  //  ||  ////////   
  10                                                                          /////////////////////////////////////
  11                                                  /* P1.4 */      /**/    ONE   ,  TWO  , THREE , /**/
  12                                                  /* P1.5 */      /**/    FOUR  , FIVE  , SIX   , /**/
  13                                                  /* P1.6 */      /**/    SEVEN , EIGHT , NINE  , /**/
  14                                                  /* P1.7 */      /**/    ENTER , ZERO  , CALLALL /**/
  15                                                                          ////////////////////////////////////
  16                                                                  };
  17          //-----------------------------------------------
  18          void KeypadInit()
  19          {
  20   1              KEYPAD = 0xFF;
  21   1              System.KeyStruct.ucmRowNo = 0;
*** ERROR C204 IN LINE 21 OF BOARD\SRC\KEYPAD.C: 'KeyStruct': undefined member
  22   1      }
  23          
  24          TagenKeyType KeyScan()
  25          {
  26   1              TagenKeyType enCurrKey; 
  27   1              switch(System.KeyStruct.ucmRowNo)
*** ERROR C204 IN LINE 27 OF BOARD\SRC\KEYPAD.C: 'KeyStruct': undefined member
  28   1              {
  29   2                      case 0:
  30   2                              ROW1 = 0; 
  31   2                              break;
  32   2      
  33   2                      case 1:
  34   2                              ROW2 = 0;
  35   2                              break;
  36   2      
  37   2                      case 2:
  38   2                              ROW3= 0;
  39   2                              break;
  40   2      
  41   2                      case 3:
  42   2                              ROW4 = 0;
  43   2                              break;
  44   2      
  45   2                      default:
  46   2                              return NOKEY;
  47   2                              break;
  48   2              }               
  49   1              if(COL1 EQ KEY_PRESS)
  50   1              {
  51   2                      enCurrKey =  ucmKeyPad[System.KeyStruct.ucmRowNo][0];
*** ERROR C204 IN LINE 51 OF BOARD\SRC\KEYPAD.C: 'KeyStruct': undefined member
C51 COMPILER V8.05a   KEYPAD                                                               09/14/2013 23:35:42 PAGE 2   

  52   2              }
  53   1              else if(COL2 EQ KEY_PRESS)
  54   1              {
  55   2                      enCurrKey =  ucmKeyPad[System.KeyStruct.ucmRowNo][1];
*** ERROR C204 IN LINE 55 OF BOARD\SRC\KEYPAD.C: 'KeyStruct': undefined member
  56   2              }
  57   1              else if(COL3 EQ KEY_PRESS)
  58   1              {
  59   2                      enCurrKey =  ucmKeyPad[System.KeyStruct.ucmRowNo][2];
*** ERROR C204 IN LINE 59 OF BOARD\SRC\KEYPAD.C: 'KeyStruct': undefined member
  60   2              }
  61   1              else
  62   1              {
  63   2                      enCurrKey =  NOKEY;
  64   2              }
  65   1              KEYPAD = 0xFF;
  66   1              System.KeyStruct.ucmRowNo++;
*** ERROR C204 IN LINE 66 OF BOARD\SRC\KEYPAD.C: 'KeyStruct': undefined member
  67   1              if(System.KeyStruct.ucmRowNo >= ROW_MAX)
*** ERROR C204 IN LINE 67 OF BOARD\SRC\KEYPAD.C: 'KeyStruct': undefined member
  68   1              {
  69   2                      System.KeyStruct.ucmRowNo = 0;
*** ERROR C204 IN LINE 69 OF BOARD\SRC\KEYPAD.C: 'KeyStruct': undefined member
  70   2              }
  71   1              return enCurrKey;
  72   1      }

C51 COMPILATION COMPLETE.  0 WARNING(S),  8 ERROR(S)
