C51 COMPILER V8.05a   7SEGDISP                                                             09/13/2013 22:06:38 PAGE 1   


C51 COMPILER V8.05a, COMPILATION OF MODULE 7SEGDISP
OBJECT MODULE PLACED IN 7segdisp.obj
COMPILER INVOKED BY: D:\Keil\C51\BIN\C51.EXE board\src\7segdisp.c BROWSE INCDIR(.\include) DEBUG OBJECTEXTEND PRINT(.\7s
                    -egdisp.lst) OBJECT(7segdisp.obj)

line level    source

   1          #include "global.h"
   2          
   3          void DispInit()
   4          {
   5   1              DISP = 0x00;
   6   1              System.SegDisp.DispLookUpTable[0] = 0x00;
   7   1              System.SegDisp.DispLookUpTable[1] = 0x80;
   8   1              System.SegDisp.DispLookUpTable[2] = 0x10;
   9   1              System.SegDisp.DispLookUpTable[3] = 0x90;
  10   1              System.SegDisp.DispLookUpTable[4] = 0x20;
  11   1              System.SegDisp.DispLookUpTable[5] = 0xA0;
  12   1              System.SegDisp.DispLookUpTable[6] = 0x30;
  13   1              System.SegDisp.DispLookUpTable[7] = 0xB0;
  14   1              System.SegDisp.DispLookUpTable[8] = 0x40;
  15   1              System.SegDisp.DispLookUpTable[9] = 0xC0;
  16   1      
  17   1              System.SegDisp.DispLookUpTable[10] = 0x00;
  18   1              System.SegDisp.DispLookUpTable[11] = 0x08;
  19   1              System.SegDisp.DispLookUpTable[12] = 0x01;
  20   1              System.SegDisp.DispLookUpTable[13] = 0x09;
  21   1              System.SegDisp.DispLookUpTable[14] = 0x02;
  22   1              System.SegDisp.DispLookUpTable[15] = 0x0A;
  23   1              System.SegDisp.DispLookUpTable[16] = 0x03;
  24   1              System.SegDisp.DispLookUpTable[17] = 0x0B;
  25   1              System.SegDisp.DispLookUpTable[18] = 0x04;
  26   1              System.SegDisp.DispLookUpTable[19] = 0x0C;
  27   1      
  28   1              System.SegDisp.Disp[0] = 0;
  29   1              System.SegDisp.Disp[1] = 0;
  30   1              SegDisp1(0);
  31   1              SegDisp2(0);
  32   1      }
  33          
  34          void SegDisp1(UC ucmDispChar)
  35          {
  36   1              System.SegDisp.Disp[0] = ucmDispChar;
  37   1              DISP =  (System.SegDisp.DispLookUpTable[System.SegDisp.Disp[0]] | System.SegDisp.DispLookUpTable[System.S
             -egDisp.Disp[1]]);
  38   1      }
  39          
  40          void SegDisp2(UC ucmDispChar)
  41          {
  42   1              System.SegDisp.Disp[1] = 10 + ucmDispChar;
  43   1              DISP =  (System.SegDisp.DispLookUpTable[System.SegDisp.Disp[0]] | System.SegDisp.DispLookUpTable[System.S
             -egDisp.Disp[1]]);
  44   1      }
  45          
  46          void SegDispClear()
  47          {
  48   1              SegDisp1(0);
  49   1              SegDisp2(0);
  50   1      }


C51 COMPILER V8.05a   7SEGDISP                                                             09/13/2013 22:06:38 PAGE 2   

MODULE INFORMATION:   STATIC OVERLAYABLE
   CODE SIZE        =    123    ----
   CONSTANT SIZE    =   ----    ----
   XDATA SIZE       =   ----    ----
   PDATA SIZE       =   ----    ----
   DATA SIZE        =   ----    ----
   IDATA SIZE       =   ----    ----
   BIT SIZE         =   ----    ----
END OF MODULE INFORMATION.


C51 COMPILATION COMPLETE.  0 WARNING(S),  0 ERROR(S)
