C51 COMPILER V8.05a   SYSTEM                                                               09/22/2013 14:06:16 PAGE 1   


C51 COMPILER V8.05a, COMPILATION OF MODULE SYSTEM
OBJECT MODULE PLACED IN System.obj
COMPILER INVOKED BY: D:\Keil\C51\BIN\C51.EXE board\src\System.c BROWSE INCDIR(.\include) DEBUG OBJECTEXTEND PRINT(.\Syst
                    -em.lst) OBJECT(System.obj)

line level    source

   1          #include "global.h"
   2          
   3          TagSystem System; 
   4          
   5          void main()
   6          {
   7   1              SystemBoot(); 
   8   1              AppStart();
   9   1              while(1);
  10   1      }
  11          
  12          void SystemBoot()
  13          {
  14   1              InterruptInit();
  15   1              IoInit();
  16   1              SerialInit();
  17   1      //      DispInit();
  18   1              KeypadInit(); 
  19   1              msecInterruptStart();
  20   1      }
  21          
  22          void Delay(US usmDelay)
  23          { 
  24   1              System.AppStruct.usmDelay = usmDelay;
  25   1              while(System.AppStruct.usmDelay GT 0);
  26   1      }
  27          


MODULE INFORMATION:   STATIC OVERLAYABLE
   CODE SIZE        =     39    ----
   CONSTANT SIZE    =   ----    ----
   XDATA SIZE       =   ----    ----
   PDATA SIZE       =   ----    ----
   DATA SIZE        =     36    ----
   IDATA SIZE       =   ----    ----
   BIT SIZE         =   ----    ----
END OF MODULE INFORMATION.


C51 COMPILATION COMPLETE.  0 WARNING(S),  0 ERROR(S)
